<?xml version="1.0" encoding="UTF-8"?>
<!-- Generated by org.testng.reporters.JUnitReportReporter -->
<testsuite hostname="DESKTOP-1JJO14E" failures="0" tests="1" name="testCases.TC_001AccountRegistraionTest" time="6.914" errors="0" timestamp="2024-12-28T16:03:16 EST" skipped="0">
  <testcase classname="testCases.TC_001AccountRegistraionTest" name="verify_account_registration" time="6.914"/>
</testsuite> <!-- testCases.TC_001AccountRegistraionTest -->
